<?xml version="1.0" encoding="UTF-8"?>
<!-- Generated by org.testng.reporters.JUnitReportReporter -->
<testsuite hostname="DESKTOP-SGKD0BV" failures="0" tests="1" name="tests.Executeetest" time="11.969" errors="0" timestamp="12 Apr 2022 21:10:40 GMT">
  <testcase classname="tests.Executeetest" name="happyPathUI" time="11.969"/>
</testsuite> <!-- tests.Executeetest -->
