<?xml version="1.0" encoding="UTF-8"?>
<!-- Generated by org.testng.reporters.JUnitReportReporter -->
<testsuite hostname="DESKTOP-SGKD0BV" failures="0" tests="4" name="tests.apitest" time="4.610" errors="0" timestamp="12 Apr 2022 21:10:40 GMT">
  <testcase classname="tests.apitest" name="checkServerErrorStatus" time="0.251"/>
  <testcase classname="tests.apitest" name="validateResponseAttribute" time="1.550"/>
  <testcase classname="tests.apitest" name="happyPath" time="2.371"/>
  <testcase classname="tests.apitest" name="checkDiffrentUUIDForNotFound" time="0.438"/>
</testsuite> <!-- tests.apitest -->
