<?xml version="1.0" encoding="UTF-8"?>
<testsuite xmlns:xsi="http://www.w3.org/2001/XMLSchema-instance" xsi:noNamespaceSchemaLocation="https://maven.apache.org/surefire/maven-surefire-plugin/xsd/surefire-test-report.xsd" name="TestSuite" time="21.931" tests="5" errors="0" skipped="0" failures="0">
  <properties>
    <property name="sun.desktop" value="windows"/>
    <property name="awt.toolkit" value="sun.awt.windows.WToolkit"/>
    <property name="java.specification.version" value="11"/>
    <property name="sun.cpu.isalist" value="amd64"/>
    <property name="sun.jnu.encoding" value="Cp1252"/>
    <property name="java.class.path" value="C:\Users\nikhi\eclipse-workspace\UpgradeUIAssignment\target\test-classes;C:\Users\nikhi\eclipse-workspace\UpgradeUIAssignment\target\classes;C:\Users\nikhi\.m2\repository\io\github\bonigarcia\webdrivermanager\3.0.0\webdrivermanager-3.0.0.jar;C:\Users\nikhi\.m2\repository\org\slf4j\slf4j-api\1.7.25\slf4j-api-1.7.25.jar;C:\Users\nikhi\.m2\repository\commons-io\commons-io\2.6\commons-io-2.6.jar;C:\Users\nikhi\.m2\repository\com\google\code\gson\gson\2.8.5\gson-2.8.5.jar;C:\Users\nikhi\.m2\repository\org\apache\commons\commons-lang3\3.7\commons-lang3-3.7.jar;C:\Users\nikhi\.m2\repository\org\apache\httpcomponents\httpclient\4.5.5\httpclient-4.5.5.jar;C:\Users\nikhi\.m2\repository\org\apache\httpcomponents\httpcore\4.4.9\httpcore-4.4.9.jar;C:\Users\nikhi\.m2\repository\commons-logging\commons-logging\1.2\commons-logging-1.2.jar;C:\Users\nikhi\.m2\repository\commons-codec\commons-codec\1.10\commons-codec-1.10.jar;C:\Users\nikhi\.m2\repository\org\rauschig\jarchivelib\0.8.0\jarchivelib-0.8.0.jar;C:\Users\nikhi\.m2\repository\org\apache\commons\commons-compress\1.14\commons-compress-1.14.jar;C:\Users\nikhi\.m2\repository\org\jsoup\jsoup\1.11.3\jsoup-1.11.3.jar;C:\Users\nikhi\.m2\repository\org\seleniumhq\selenium\selenium-java\2.45.0\selenium-java-2.45.0.jar;C:\Users\nikhi\.m2\repository\org\seleniumhq\selenium\selenium-chrome-driver\2.45.0\selenium-chrome-driver-2.45.0.jar;C:\Users\nikhi\.m2\repository\org\seleniumhq\selenium\selenium-remote-driver\2.45.0\selenium-remote-driver-2.45.0.jar;C:\Users\nikhi\.m2\repository\cglib\cglib-nodep\2.1_3\cglib-nodep-2.1_3.jar;C:\Users\nikhi\.m2\repository\org\seleniumhq\selenium\selenium-api\2.45.0\selenium-api-2.45.0.jar;C:\Users\nikhi\.m2\repository\com\google\guava\guava\18.0\guava-18.0.jar;C:\Users\nikhi\.m2\repository\org\seleniumhq\selenium\selenium-htmlunit-driver\2.45.0\selenium-htmlunit-driver-2.45.0.jar;C:\Users\nikhi\.m2\repository\net\sourceforge\htmlunit\htmlunit\2.15\htmlunit-2.15.jar;C:\Users\nikhi\.m2\repository\xalan\xalan\2.7.1\xalan-2.7.1.jar;C:\Users\nikhi\.m2\repository\xalan\serializer\2.7.1\serializer-2.7.1.jar;C:\Users\nikhi\.m2\repository\commons-collections\commons-collections\3.2.1\commons-collections-3.2.1.jar;C:\Users\nikhi\.m2\repository\net\sourceforge\htmlunit\htmlunit-core-js\2.15\htmlunit-core-js-2.15.jar;C:\Users\nikhi\.m2\repository\xerces\xercesImpl\2.11.0\xercesImpl-2.11.0.jar;C:\Users\nikhi\.m2\repository\xml-apis\xml-apis\1.4.01\xml-apis-1.4.01.jar;C:\Users\nikhi\.m2\repository\net\sourceforge\nekohtml\nekohtml\1.9.21\nekohtml-1.9.21.jar;C:\Users\nikhi\.m2\repository\net\sourceforge\cssparser\cssparser\0.9.14\cssparser-0.9.14.jar;C:\Users\nikhi\.m2\repository\org\w3c\css\sac\1.3\sac-1.3.jar;C:\Users\nikhi\.m2\repository\org\eclipse\jetty\jetty-websocket\8.1.15.v20140411\jetty-websocket-8.1.15.v20140411.jar;C:\Users\nikhi\.m2\repository\org\eclipse\jetty\jetty-util\8.1.15.v20140411\jetty-util-8.1.15.v20140411.jar;C:\Users\nikhi\.m2\repository\org\eclipse\jetty\jetty-io\8.1.15.v20140411\jetty-io-8.1.15.v20140411.jar;C:\Users\nikhi\.m2\repository\org\eclipse\jetty\jetty-http\8.1.15.v20140411\jetty-http-8.1.15.v20140411.jar;C:\Users\nikhi\.m2\repository\org\seleniumhq\selenium\selenium-firefox-driver\2.45.0\selenium-firefox-driver-2.45.0.jar;C:\Users\nikhi\.m2\repository\org\apache\commons\commons-exec\1.1\commons-exec-1.1.jar;C:\Users\nikhi\.m2\repository\org\seleniumhq\selenium\selenium-ie-driver\2.45.0\selenium-ie-driver-2.45.0.jar;C:\Users\nikhi\.m2\repository\net\java\dev\jna\jna\3.4.0\jna-3.4.0.jar;C:\Users\nikhi\.m2\repository\net\java\dev\jna\platform\3.4.0\platform-3.4.0.jar;C:\Users\nikhi\.m2\repository\org\seleniumhq\selenium\selenium-safari-driver\2.45.0\selenium-safari-driver-2.45.0.jar;C:\Users\nikhi\.m2\repository\org\seleniumhq\selenium\selenium-support\2.45.0\selenium-support-2.45.0.jar;C:\Users\nikhi\.m2\repository\org\webbitserver\webbit\0.4.14\webbit-0.4.14.jar;C:\Users\nikhi\.m2\repository\io\netty\netty\3.5.2.Final\netty-3.5.2.Final.jar;C:\Users\nikhi\.m2\repository\org\seleniumhq\selenium\selenium-leg-rc\2.45.0\selenium-leg-rc-2.45.0.jar;C:\Users\nikhi\.m2\repository\org\testng\testng\6.8.8\testng-6.8.8.jar;C:\Users\nikhi\.m2\repository\org\beanshell\bsh\2.0b4\bsh-2.0b4.jar;C:\Users\nikhi\.m2\repository\com\beust\jcommander\1.27\jcommander-1.27.jar;C:\Users\nikhi\.m2\repository\io\rest-assured\rest-assured\3.0.0\rest-assured-3.0.0.jar;C:\Users\nikhi\.m2\repository\org\codehaus\groovy\groovy\2.4.6\groovy-2.4.6.jar;C:\Users\nikhi\.m2\repository\org\codehaus\groovy\groovy-xml\2.4.6\groovy-xml-2.4.6.jar;C:\Users\nikhi\.m2\repository\org\apache\httpcomponents\httpmime\4.5.1\httpmime-4.5.1.jar;C:\Users\nikhi\.m2\repository\org\hamcrest\hamcrest-core\1.3\hamcrest-core-1.3.jar;C:\Users\nikhi\.m2\repository\org\hamcrest\hamcrest-library\1.3\hamcrest-library-1.3.jar;C:\Users\nikhi\.m2\repository\org\ccil\cowan\tagsoup\tagsoup\1.2.1\tagsoup-1.2.1.jar;C:\Users\nikhi\.m2\repository\io\rest-assured\json-path\3.0.0\json-path-3.0.0.jar;C:\Users\nikhi\.m2\repository\org\codehaus\groovy\groovy-json\2.4.6\groovy-json-2.4.6.jar;C:\Users\nikhi\.m2\repository\io\rest-assured\rest-assured-common\3.0.0\rest-assured-common-3.0.0.jar;C:\Users\nikhi\.m2\repository\io\rest-assured\xml-path\3.0.0\xml-path-3.0.0.jar;C:\Users\nikhi\.m2\repository\org\json\json\20211205\json-20211205.jar;C:\Users\nikhi\.m2\repository\jakarta\xml\bind\jakarta.xml.bind-api\2.3.2\jakarta.xml.bind-api-2.3.2.jar;C:\Users\nikhi\.m2\repository\jakarta\activation\jakarta.activation-api\1.2.1\jakarta.activation-api-1.2.1.jar;C:\Users\nikhi\.m2\repository\org\glassfish\jaxb\jaxb-runtime\2.3.2\jaxb-runtime-2.3.2.jar;C:\Users\nikhi\.m2\repository\org\glassfish\jaxb\txw2\2.3.2\txw2-2.3.2.jar;C:\Users\nikhi\.m2\repository\com\sun\istack\istack-commons-runtime\3.0.8\istack-commons-runtime-3.0.8.jar;C:\Users\nikhi\.m2\repository\org\jvnet\staxex\stax-ex\1.8.1\stax-ex-1.8.1.jar;C:\Users\nikhi\.m2\repository\com\sun\xml\fastinfoset\FastInfoset\1.2.16\FastInfoset-1.2.16.jar;"/>
    <property name="java.vm.vendor" value="Oracle Corporation"/>
    <property name="sun.arch.data.model" value="64"/>
    <property name="user.variant" value=""/>
    <property name="java.vendor.url" value="https://openjdk.java.net/"/>
    <property name="user.timezone" value="America/New_York"/>
    <property name="java.vm.specification.version" value="11"/>
    <property name="os.name" value="Windows 10"/>
    <property name="sun.java.launcher" value="SUN_STANDARD"/>
    <property name="user.country" value="US"/>
    <property name="sun.boot.library.path" value="C:\Program Files (x86)\Java\jdk-11.0.13\bin"/>
    <property name="sun.java.command" value="C:\Users\nikhi\AppData\Local\Temp\surefire4401680550187768052\surefirebooter8532282925155132175.jar C:\Users\nikhi\AppData\Local\Temp\surefire4401680550187768052 2022-04-12T17-10-17_569-jvmRun1 surefire15568183492270349564tmp surefire_06550740124221573478tmp"/>
    <property name="jdk.debug" value="release"/>
    <property name="surefire.test.class.path" value="C:\Users\nikhi\eclipse-workspace\UpgradeUIAssignment\target\test-classes;C:\Users\nikhi\eclipse-workspace\UpgradeUIAssignment\target\classes;C:\Users\nikhi\.m2\repository\io\github\bonigarcia\webdrivermanager\3.0.0\webdrivermanager-3.0.0.jar;C:\Users\nikhi\.m2\repository\org\slf4j\slf4j-api\1.7.25\slf4j-api-1.7.25.jar;C:\Users\nikhi\.m2\repository\commons-io\commons-io\2.6\commons-io-2.6.jar;C:\Users\nikhi\.m2\repository\com\google\code\gson\gson\2.8.5\gson-2.8.5.jar;C:\Users\nikhi\.m2\repository\org\apache\commons\commons-lang3\3.7\commons-lang3-3.7.jar;C:\Users\nikhi\.m2\repository\org\apache\httpcomponents\httpclient\4.5.5\httpclient-4.5.5.jar;C:\Users\nikhi\.m2\repository\org\apache\httpcomponents\httpcore\4.4.9\httpcore-4.4.9.jar;C:\Users\nikhi\.m2\repository\commons-logging\commons-logging\1.2\commons-logging-1.2.jar;C:\Users\nikhi\.m2\repository\commons-codec\commons-codec\1.10\commons-codec-1.10.jar;C:\Users\nikhi\.m2\repository\org\rauschig\jarchivelib\0.8.0\jarchivelib-0.8.0.jar;C:\Users\nikhi\.m2\repository\org\apache\commons\commons-compress\1.14\commons-compress-1.14.jar;C:\Users\nikhi\.m2\repository\org\jsoup\jsoup\1.11.3\jsoup-1.11.3.jar;C:\Users\nikhi\.m2\repository\org\seleniumhq\selenium\selenium-java\2.45.0\selenium-java-2.45.0.jar;C:\Users\nikhi\.m2\repository\org\seleniumhq\selenium\selenium-chrome-driver\2.45.0\selenium-chrome-driver-2.45.0.jar;C:\Users\nikhi\.m2\repository\org\seleniumhq\selenium\selenium-remote-driver\2.45.0\selenium-remote-driver-2.45.0.jar;C:\Users\nikhi\.m2\repository\cglib\cglib-nodep\2.1_3\cglib-nodep-2.1_3.jar;C:\Users\nikhi\.m2\repository\org\seleniumhq\selenium\selenium-api\2.45.0\selenium-api-2.45.0.jar;C:\Users\nikhi\.m2\repository\com\google\guava\guava\18.0\guava-18.0.jar;C:\Users\nikhi\.m2\repository\org\seleniumhq\selenium\selenium-htmlunit-driver\2.45.0\selenium-htmlunit-driver-2.45.0.jar;C:\Users\nikhi\.m2\repository\net\sourceforge\htmlunit\htmlunit\2.15\htmlunit-2.15.jar;C:\Users\nikhi\.m2\repository\xalan\xalan\2.7.1\xalan-2.7.1.jar;C:\Users\nikhi\.m2\repository\xalan\serializer\2.7.1\serializer-2.7.1.jar;C:\Users\nikhi\.m2\repository\commons-collections\commons-collections\3.2.1\commons-collections-3.2.1.jar;C:\Users\nikhi\.m2\repository\net\sourceforge\htmlunit\htmlunit-core-js\2.15\htmlunit-core-js-2.15.jar;C:\Users\nikhi\.m2\repository\xerces\xercesImpl\2.11.0\xercesImpl-2.11.0.jar;C:\Users\nikhi\.m2\repository\xml-apis\xml-apis\1.4.01\xml-apis-1.4.01.jar;C:\Users\nikhi\.m2\repository\net\sourceforge\nekohtml\nekohtml\1.9.21\nekohtml-1.9.21.jar;C:\Users\nikhi\.m2\repository\net\sourceforge\cssparser\cssparser\0.9.14\cssparser-0.9.14.jar;C:\Users\nikhi\.m2\repository\org\w3c\css\sac\1.3\sac-1.3.jar;C:\Users\nikhi\.m2\repository\org\eclipse\jetty\jetty-websocket\8.1.15.v20140411\jetty-websocket-8.1.15.v20140411.jar;C:\Users\nikhi\.m2\repository\org\eclipse\jetty\jetty-util\8.1.15.v20140411\jetty-util-8.1.15.v20140411.jar;C:\Users\nikhi\.m2\repository\org\eclipse\jetty\jetty-io\8.1.15.v20140411\jetty-io-8.1.15.v20140411.jar;C:\Users\nikhi\.m2\repository\org\eclipse\jetty\jetty-http\8.1.15.v20140411\jetty-http-8.1.15.v20140411.jar;C:\Users\nikhi\.m2\repository\org\seleniumhq\selenium\selenium-firefox-driver\2.45.0\selenium-firefox-driver-2.45.0.jar;C:\Users\nikhi\.m2\repository\org\apache\commons\commons-exec\1.1\commons-exec-1.1.jar;C:\Users\nikhi\.m2\repository\org\seleniumhq\selenium\selenium-ie-driver\2.45.0\selenium-ie-driver-2.45.0.jar;C:\Users\nikhi\.m2\repository\net\java\dev\jna\jna\3.4.0\jna-3.4.0.jar;C:\Users\nikhi\.m2\repository\net\java\dev\jna\platform\3.4.0\platform-3.4.0.jar;C:\Users\nikhi\.m2\repository\org\seleniumhq\selenium\selenium-safari-driver\2.45.0\selenium-safari-driver-2.45.0.jar;C:\Users\nikhi\.m2\repository\org\seleniumhq\selenium\selenium-support\2.45.0\selenium-support-2.45.0.jar;C:\Users\nikhi\.m2\repository\org\webbitserver\webbit\0.4.14\webbit-0.4.14.jar;C:\Users\nikhi\.m2\repository\io\netty\netty\3.5.2.Final\netty-3.5.2.Final.jar;C:\Users\nikhi\.m2\repository\org\seleniumhq\selenium\selenium-leg-rc\2.45.0\selenium-leg-rc-2.45.0.jar;C:\Users\nikhi\.m2\repository\org\testng\testng\6.8.8\testng-6.8.8.jar;C:\Users\nikhi\.m2\repository\org\beanshell\bsh\2.0b4\bsh-2.0b4.jar;C:\Users\nikhi\.m2\repository\com\beust\jcommander\1.27\jcommander-1.27.jar;C:\Users\nikhi\.m2\repository\io\rest-assured\rest-assured\3.0.0\rest-assured-3.0.0.jar;C:\Users\nikhi\.m2\repository\org\codehaus\groovy\groovy\2.4.6\groovy-2.4.6.jar;C:\Users\nikhi\.m2\repository\org\codehaus\groovy\groovy-xml\2.4.6\groovy-xml-2.4.6.jar;C:\Users\nikhi\.m2\repository\org\apache\httpcomponents\httpmime\4.5.1\httpmime-4.5.1.jar;C:\Users\nikhi\.m2\repository\org\hamcrest\hamcrest-core\1.3\hamcrest-core-1.3.jar;C:\Users\nikhi\.m2\repository\org\hamcrest\hamcrest-library\1.3\hamcrest-library-1.3.jar;C:\Users\nikhi\.m2\repository\org\ccil\cowan\tagsoup\tagsoup\1.2.1\tagsoup-1.2.1.jar;C:\Users\nikhi\.m2\repository\io\rest-assured\json-path\3.0.0\json-path-3.0.0.jar;C:\Users\nikhi\.m2\repository\org\codehaus\groovy\groovy-json\2.4.6\groovy-json-2.4.6.jar;C:\Users\nikhi\.m2\repository\io\rest-assured\rest-assured-common\3.0.0\rest-assured-common-3.0.0.jar;C:\Users\nikhi\.m2\repository\io\rest-assured\xml-path\3.0.0\xml-path-3.0.0.jar;C:\Users\nikhi\.m2\repository\org\json\json\20211205\json-20211205.jar;C:\Users\nikhi\.m2\repository\jakarta\xml\bind\jakarta.xml.bind-api\2.3.2\jakarta.xml.bind-api-2.3.2.jar;C:\Users\nikhi\.m2\repository\jakarta\activation\jakarta.activation-api\1.2.1\jakarta.activation-api-1.2.1.jar;C:\Users\nikhi\.m2\repository\org\glassfish\jaxb\jaxb-runtime\2.3.2\jaxb-runtime-2.3.2.jar;C:\Users\nikhi\.m2\repository\org\glassfish\jaxb\txw2\2.3.2\txw2-2.3.2.jar;C:\Users\nikhi\.m2\repository\com\sun\istack\istack-commons-runtime\3.0.8\istack-commons-runtime-3.0.8.jar;C:\Users\nikhi\.m2\repository\org\jvnet\staxex\stax-ex\1.8.1\stax-ex-1.8.1.jar;C:\Users\nikhi\.m2\repository\com\sun\xml\fastinfoset\FastInfoset\1.2.16\FastInfoset-1.2.16.jar;"/>
    <property name="sun.cpu.endian" value="little"/>
    <property name="user.home" value="C:\Users\nikhi"/>
    <property name="user.language" value="en"/>
    <property name="java.specification.vendor" value="Oracle Corporation"/>
    <property name="java.version.date" value="2021-10-19"/>
    <property name="java.home" value="C:\Program Files (x86)\Java\jdk-11.0.13"/>
    <property name="file.separator" value="\"/>
    <property name="basedir" value="C:\Users\nikhi\eclipse-workspace\UpgradeUIAssignment"/>
    <property name="java.vm.compressedOopsMode" value="32-bit"/>
    <property name="line.separator" value="&#10;"/>
    <property name="java.specification.name" value="Java Platform API Specification"/>
    <property name="java.vm.specification.vendor" value="Oracle Corporation"/>
    <property name="java.awt.graphicsenv" value="sun.awt.Win32GraphicsEnvironment"/>
    <property name="surefire.real.class.path" value="C:\Users\nikhi\AppData\Local\Temp\surefire4401680550187768052\surefirebooter8532282925155132175.jar"/>
    <property name="user.script" value=""/>
    <property name="sun.management.compiler" value="HotSpot 64-Bit Tiered Compilers"/>
    <property name="java.runtime.version" value="11.0.13+10-LTS-370"/>
    <property name="user.name" value="nikhi"/>
    <property name="path.separator" value=";"/>
    <property name="os.version" value="10.0"/>
    <property name="java.runtime.name" value="Java(TM) SE Runtime Environment"/>
    <property name="file.encoding" value="Cp1252"/>
    <property name="java.vm.name" value="Java HotSpot(TM) 64-Bit Server VM"/>
    <property name="java.vendor.version" value="18.9"/>
    <property name="localRepository" value="C:\Users\nikhi\.m2\repository"/>
    <property name="java.vendor.url.bug" value="https://bugreport.java.com/bugreport/"/>
    <property name="java.io.tmpdir" value="C:\Users\nikhi\AppData\Local\Temp\"/>
    <property name="java.version" value="11.0.13"/>
    <property name="user.dir" value="C:\Users\nikhi\eclipse-workspace\UpgradeUIAssignment"/>
    <property name="os.arch" value="amd64"/>
    <property name="java.vm.specification.name" value="Java Virtual Machine Specification"/>
    <property name="java.awt.printerjob" value="sun.awt.windows.WPrinterJob"/>
    <property name="sun.os.patch.level" value=""/>
    <property name="java.library.path" value="C:\Program Files (x86)\Java\jdk-11.0.13\bin;C:\WINDOWS\Sun\Java\bin;C:\WINDOWS\system32;C:\WINDOWS;C:\WINDOWS\system32;C:\WINDOWS;C:\WINDOWS\System32\Wbem;C:\WINDOWS\System32\WindowsPowerShell\v1.0\;C:\WINDOWS\System32\OpenSSH\;C:\Program Files\Git\cmd;C:\Program Files\Amazon\AWSCLI\bin\aws.exe;C:\Program Files\Amazon\AWSCLI\bin\;C:\Program Files\Microsoft VS Code\bin;C:\Program Files (x86)\Java\jdk-11.0.13\bin;C:\Users\nikhi\AppData\Local\Microsoft\WindowsApps;C:\Users\nikhi\AppData\Local\GitHubDesktop\bin;C:\Users\nikhi\Downloads\apache-maven-3.8.4-bin\apache-maven-3.8.4\bin;."/>
    <property name="java.vendor" value="Oracle Corporation"/>
    <property name="java.vm.info" value="mixed mode"/>
    <property name="java.vm.version" value="11.0.13+10-LTS-370"/>
    <property name="sun.io.unicode.encoding" value="UnicodeLittle"/>
    <property name="java.class.version" value="55.0"/>
  </properties>
  <testcase name="happyPath" classname="tests.apitest" time="2.374"/>
  <testcase name="validateResponseAttribute" classname="tests.apitest" time="1.549"/>
  <testcase name="checkDiffrentUUIDForNotFound" classname="tests.apitest" time="0.446"/>
  <testcase name="checkServerErrorStatus" classname="tests.apitest" time="0.25"/>
  <testcase name="happyPathUI" classname="tests.Executeetest" time="11.965"/>
</testsuite>